<?xml version="1.0" encoding="UTF-8"?>
<!-- Generated by org.testng.reporters.JUnitReportReporter -->
<testsuite hostname="LAPTOP-SATVIK" failures="0" tests="1" name="com.testproject.uiandapiautomation.ui.FormFillUsingUIandAPI" time="30.495" errors="0" timestamp="2026-01-04T16:58:15 IST" skipped="0">
  <testcase classname="com.testproject.uiandapiautomation.ui.FormFillUsingUIandAPI" name="fillFormUsingJson" time="30.495"/>
</testsuite> <!-- com.testproject.uiandapiautomation.ui.FormFillUsingUIandAPI -->
